{
  "0 debug pnpm:scope": {
    "selected": 1
  },
  "1 error pnpm": {
    "code": "ELIFECYCLE",
    "errno": "ENOENT",
    "syscall": "spawn",
    "file": "sh",
    "pkgid": "@",
    "stage": "serve",
    "script": "vitepress serve",
    "err": {
      "name": "pnpm",
      "message": "@ serve: `vitepress serve`\nspawn ENOENT",
      "code": "ELIFECYCLE",
      "stack": "pnpm: @ serve: `vitepress serve`\nspawn ENOENT\n    at ChildProcess.<anonymous> (/usr/local/Cellar/pnpm/7.3.0/libexec/lib/node_modules/pnpm/dist/pnpm.cjs:94974:22)\n    at ChildProcess.emit (node:events:390:28)\n    at maybeClose (node:internal/child_process:1064:16)\n    at Process.ChildProcess._handle.onexit (node:internal/child_process:301:5)"
    }
  },
  "2 warn pnpm:global": " Local package.json exists, but node_modules missing, did you mean to install?"
}